d:\gitprojects\cpp\s3a_simeter_plugin\cli_example\s3a_simetercli\release\s3a_simetercli.pch
d:\gitprojects\cpp\s3a_simeter_plugin\cli_example\s3a_simetercli\release\vc141.pdb
d:\gitprojects\cpp\s3a_simeter_plugin\cli_example\s3a_simetercli\release\stdafx.obj
d:\gitprojects\cpp\s3a_simeter_plugin\cli_example\s3a_simetercli\release\s3a_simetercli.obj
d:\gitprojects\cpp\s3a_simeter_plugin\cli_example\s3a_simetercli\release\audiofile.obj
d:\gitprojects\cpp\s3a_simeter_plugin\cli_example\s3a_simetercli\release\statefunctions.obj
d:\gitprojects\cpp\s3a_simeter_plugin\cli_example\s3a_simetercli\release\outputfunctionsstereo.obj
d:\gitprojects\cpp\s3a_simeter_plugin\cli_example\s3a_simetercli\release\outputfunctionsmono.obj
d:\gitprojects\cpp\s3a_simeter_plugin\cli_example\s3a_simetercli\release\inputfunctions.obj
d:\gitprojects\cpp\s3a_simeter_plugin\cli_example\s3a_simetercli\release\gistdwgpnet.obj
d:\gitprojects\cpp\s3a_simeter_plugin\cli_example\s3a_simetercli\release\dwgpnet.obj
d:\gitprojects\cpp\s3a_simeter_plugin\cli_example\s3a_simetercli\release\dsptools.obj
d:\gitprojects\cpp\s3a_simeter_plugin\cli_example\s3a_simetercli\release\constructorsandconfig.obj
d:\gitprojects\cpp\s3a_simeter_plugin\cli_example\s3a_simetercli\release\yin.obj
d:\gitprojects\cpp\s3a_simeter_plugin\cli_example\s3a_simetercli\release\onsetdetectionfunction.obj
d:\gitprojects\cpp\s3a_simeter_plugin\cli_example\s3a_simetercli\release\mfcc.obj
d:\gitprojects\cpp\s3a_simeter_plugin\cli_example\s3a_simetercli\release\gist.obj
d:\gitprojects\cpp\s3a_simeter_plugin\cli_example\s3a_simetercli\release\windowfunctions.obj
d:\gitprojects\cpp\s3a_simeter_plugin\cli_example\s3a_simetercli\release\coretimedomainfeatures.obj
d:\gitprojects\cpp\s3a_simeter_plugin\cli_example\s3a_simetercli\release\corefrequencydomainfeatures.obj
d:\gitprojects\cpp\s3a_simeter_plugin\cli_example\s3a_simetercli\release\kiss_fft.obj
d:\gitprojects\cpp\s3a_simeter_plugin\cli_example\release\s3a_simetercli.ipdb
d:\gitprojects\cpp\s3a_simeter_plugin\cli_example\release\s3a_simetercli.iobj
d:\gitprojects\cpp\s3a_simeter_plugin\cli_example\release\s3a_simetercli.pdb
d:\gitprojects\cpp\s3a_simeter_plugin\cli_example\release\s3a_simetercli.exe
d:\gitprojects\cpp\s3a_simeter_plugin\cli_example\s3a_simetercli\release\s3a_simetercli.tlog\cl.command.1.tlog
d:\gitprojects\cpp\s3a_simeter_plugin\cli_example\s3a_simetercli\release\s3a_simetercli.tlog\cl.read.1.tlog
d:\gitprojects\cpp\s3a_simeter_plugin\cli_example\s3a_simetercli\release\s3a_simetercli.tlog\cl.write.1.tlog
d:\gitprojects\cpp\s3a_simeter_plugin\cli_example\s3a_simetercli\release\s3a_simetercli.tlog\link.command.1.tlog
d:\gitprojects\cpp\s3a_simeter_plugin\cli_example\s3a_simetercli\release\s3a_simetercli.tlog\link.read.1.tlog
d:\gitprojects\cpp\s3a_simeter_plugin\cli_example\s3a_simetercli\release\s3a_simetercli.tlog\link.write.1.tlog
d:\gitprojects\cpp\s3a_simeter_plugin\cli_example\s3a_simetercli\release\s3a_simetercli.tlog\s3a_simetercli.write.1u.tlog
